# JRE version: Java(TM) SE Runtime Environment (8.0_66-b17) (build 1.8.0_66-b17)
# Java VM: Java HotSpot(TM) 64-Bit Server VM (25.66-b17 mixed mode linux-amd64 compressed oops)
Heap:
 PSYoungGen      total 40960K, used 19468K [0x00000007bc400000, 0x00000007c0000000, 0x00000007c0000000)
  eden space 20480K, 90% used [0x00000007bc400000,0x00000007bd6131b8,0x00000007bd800000)
  from space 20480K, 4% used [0x00000007bec00000,0x00000007becf0000,0x00000007c0000000)
  to   space 20480K, 0% used [0x00000007bd800000,0x00000007bd800000,0x00000007bec00000)
 ParOldGen       total 254464K, used 76037K [0x0000000700000000, 0x000000070f880000, 0x00000007bc400000)
  object space 254464K, 29% used [0x0000000700000000,0x0000000704a415b0,0x000000070f880000)
 Metaspace       used 67148K, capacity 67769K, committed 68568K, reserved 1110016K
  class space    used 8747K, capacity 8881K, committed 8960K, reserved 1048576K
GC Heap History (10 events):
Event: 2058.182 GC heap before
{Heap before GC invocations=392 (full 11):
 PSYoungGen      total 40960K, used 25672K [0x00000007bc400000, 0x00000007c0000000, 0x00000007c0000000)
  eden space 20480K, 100% used [0x00000007bc400000,0x00000007bd800000,0x00000007bd800000)
  from space 20480K, 25% used [0x00000007bec00000,0x00000007bf112020,0x00000007c0000000)
  to   space 20480K, 0% used [0x00000007bd800000,0x00000007bd800000,0x00000007bec00000)
 ParOldGen       total 241664K, used 215196K [0x0000000700000000, 0x000000070ec00000, 0x00000007bc400000)
  object space 241664K, 89% used [0x0000000700000000,0x000000070d227328,0x000000070ec00000)
 Metaspace       used 67148K, capacity 67769K, committed 68568K, reserved 1110016K
  class space    used 8747K, capacity 8881K, committed 8960K, reserved 1048576K
Event: 2058.202 GC heap after
Heap after GC invocations=392 (full 11):
 PSYoungGen      total 40960K, used 18709K [0x00000007bc400000, 0x00000007c0000000, 0x00000007c0000000)
  eden space 20480K, 0% used [0x00000007bc400000,0x00000007bc400000,0x00000007bd800000)
  from space 20480K, 91% used [0x00000007bd800000,0x00000007bea45700,0x00000007bec00000)
  to   space 20480K, 0% used [0x00000007bec00000,0x00000007bec00000,0x00000007c0000000)
 ParOldGen       total 241664K, used 215348K [0x0000000700000000, 0x000000070ec00000, 0x00000007bc400000)
  object space 241664K, 89% used [0x0000000700000000,0x000000070d24d348,0x000000070ec00000)
 Metaspace       used 67148K, capacity 67769K, committed 68568K, reserved 1110016K
  class space    used 8747K, capacity 8881K, committed 8960K, reserved 1048576K
}
Event: 2063.210 GC heap before
{Heap before GC invocations=393 (full 11):
 PSYoungGen      total 40960K, used 39189K [0x00000007bc400000, 0x00000007c0000000, 0x00000007c0000000)
  eden space 20480K, 100% used [0x00000007bc400000,0x00000007bd800000,0x00000007bd800000)
  from space 20480K, 91% used [0x00000007bd800000,0x00000007bea45700,0x00000007bec00000)
  to   space 20480K, 0% used [0x00000007bec00000,0x00000007bec00000,0x00000007c0000000)
 ParOldGen       total 241664K, used 215348K [0x0000000700000000, 0x000000070ec00000, 0x00000007bc400000)
  object space 241664K, 89% used [0x0000000700000000,0x000000070d24d348,0x000000070ec00000)
 Metaspace       used 67148K, capacity 67769K, committed 68568K, reserved 1110016K
  class space    used 8747K, capacity 8881K, committed 8960K, reserved 1048576K
Event: 2063.228 GC heap after
Heap after GC invocations=393 (full 11):
 PSYoungGen      total 40960K, used 2412K [0x00000007bc400000, 0x00000007c0000000, 0x00000007c0000000)
  eden space 20480K, 0% used [0x00000007bc400000,0x00000007bc400000,0x00000007bd800000)
  from space 20480K, 11% used [0x00000007bec00000,0x00000007bee5b398,0x00000007c0000000)
  to   space 20480K, 0% used [0x00000007bd800000,0x00000007bd800000,0x00000007bec00000)
 ParOldGen       total 241664K, used 238663K [0x0000000700000000, 0x000000070ec00000, 0x00000007bc400000)
  object space 241664K, 98% used [0x0000000700000000,0x000000070e911c78,0x000000070ec00000)
 Metaspace       used 67148K, capacity 67769K, committed 68568K, reserved 1110016K
  class space    used 8747K, capacity 8881K, committed 8960K, reserved 1048576K
}
Event: 2063.228 GC heap before
{Heap before GC invocations=394 (full 12):
 PSYoungGen      total 40960K, used 2412K [0x00000007bc400000, 0x00000007c0000000, 0x00000007c0000000)
  eden space 20480K, 0% used [0x00000007bc400000,0x00000007bc400000,0x00000007bd800000)
  from space 20480K, 11% used [0x00000007bec00000,0x00000007bee5b398,0x00000007c0000000)
  to   space 20480K, 0% used [0x00000007bd800000,0x00000007bd800000,0x00000007bec00000)
 ParOldGen       total 241664K, used 238663K [0x0000000700000000, 0x000000070ec00000, 0x00000007bc400000)
  object space 241664K, 98% used [0x0000000700000000,0x000000070e911c78,0x000000070ec00000)
 Metaspace       used 67148K, capacity 67769K, committed 68568K, reserved 1110016K
  class space    used 8747K, capacity 8881K, committed 8960K, reserved 1048576K
Event: 2063.395 GC heap after
Heap after GC invocations=394 (full 12):
 PSYoungGen      total 40960K, used 0K [0x00000007bc400000, 0x00000007c0000000, 0x00000007c0000000)
  eden space 20480K, 0% used [0x00000007bc400000,0x00000007bc400000,0x00000007bd800000)
  from space 20480K, 0% used [0x00000007bec00000,0x00000007bec00000,0x00000007c0000000)
  to   space 20480K, 0% used [0x00000007bd800000,0x00000007bd800000,0x00000007bec00000)
 ParOldGen       total 254464K, used 75965K [0x0000000700000000, 0x000000070f880000, 0x00000007bc400000)
  object space 254464K, 29% used [0x0000000700000000,0x0000000704a2f5b0,0x000000070f880000)
 Metaspace       used 67148K, capacity 67769K, committed 68568K, reserved 1110016K
  class space    used 8747K, capacity 8881K, committed 8960K, reserved 1048576K
}
Event: 2077.699 GC heap before
{Heap before GC invocations=395 (full 12):
 PSYoungGen      total 40960K, used 20480K [0x00000007bc400000, 0x00000007c0000000, 0x00000007c0000000)
  eden space 20480K, 100% used [0x00000007bc400000,0x00000007bd800000,0x00000007bd800000)
  from space 20480K, 0% used [0x00000007bec00000,0x00000007bec00000,0x00000007c0000000)
  to   space 20480K, 0% used [0x00000007bd800000,0x00000007bd800000,0x00000007bec00000)
 ParOldGen       total 254464K, used 75965K [0x0000000700000000, 0x000000070f880000, 0x00000007bc400000)
  object space 254464K, 29% used [0x0000000700000000,0x0000000704a2f5b0,0x000000070f880000)
 Metaspace       used 67148K, capacity 67769K, committed 68568K, reserved 1110016K
  class space    used 8747K, capacity 8881K, committed 8960K, reserved 1048576K
Event: 2077.719 GC heap after
Heap after GC invocations=395 (full 12):
 PSYoungGen      total 40960K, used 1184K [0x00000007bc400000, 0x00000007c0000000, 0x00000007c0000000)
  eden space 20480K, 0% used [0x00000007bc400000,0x00000007bc400000,0x00000007bd800000)
  from space 20480K, 5% used [0x00000007bd800000,0x00000007bd928000,0x00000007bec00000)
  to   space 20480K, 0% used [0x00000007bec00000,0x00000007bec00000,0x00000007c0000000)
 ParOldGen       total 254464K, used 75965K [0x0000000700000000, 0x000000070f880000, 0x00000007bc400000)
  object space 254464K, 29% used [0x0000000700000000,0x0000000704a2f5b0,0x000000070f880000)
 Metaspace       used 67148K, capacity 67769K, committed 68568K, reserved 1110016K
  class space    used 8747K, capacity 8881K, committed 8960K, reserved 1048576K
}
Event: 2093.169 GC heap before
{Heap before GC invocations=396 (full 12):
 PSYoungGen      total 40960K, used 21664K [0x00000007bc400000, 0x00000007c0000000, 0x00000007c0000000)
  eden space 20480K, 100% used [0x00000007bc400000,0x00000007bd800000,0x00000007bd800000)
  from space 20480K, 5% used [0x00000007bd800000,0x00000007bd928000,0x00000007bec00000)
  to   space 20480K, 0% used [0x00000007bec00000,0x00000007bec00000,0x00000007c0000000)
 ParOldGen       total 254464K, used 75965K [0x0000000700000000, 0x000000070f880000, 0x00000007bc400000)
  object space 254464K, 29% used [0x0000000700000000,0x0000000704a2f5b0,0x000000070f880000)
 Metaspace       used 67148K, capacity 67769K, committed 68568K, reserved 1110016K
  class space    used 8747K, capacity 8881K, committed 8960K, reserved 1048576K
Event: 2093.190 GC heap after
Heap after GC invocations=396 (full 12):
 PSYoungGen      total 40960K, used 960K [0x00000007bc400000, 0x00000007c0000000, 0x00000007c0000000)
  eden space 20480K, 0% used [0x00000007bc400000,0x00000007bc400000,0x00000007bd800000)
  from space 20480K, 4% used [0x00000007bec00000,0x00000007becf0000,0x00000007c0000000)
  to   space 20480K, 0% used [0x00000007bd800000,0x00000007bd800000,0x00000007bec00000)
 ParOldGen       total 254464K, used 76037K [0x0000000700000000, 0x000000070f880000, 0x00000007bc400000)
  object space 254464K, 29% used [0x0000000700000000,0x0000000704a415b0,0x000000070f880000)
 Metaspace       used 67148K, capacity 67769K, committed 68568K, reserved 1110016K
  class space    used 8747K, capacity 8881K, committed 8960K, reserved 1048576K
}

